2025-08-21 11:59:02,369 - botocore.loaders - DEBUG - Loading JSON file: /Volumes/macData/Projects/Project_Konaseema/api/venv/lib/python3.12/site-packages/botocore/data/s3/2006-03-01/paginators-1.json - loaders.py:181
2025-08-21 11:59:02,370 - botocore.loaders - DEBUG - Loading JSON file: /Volumes/macData/Projects/Project_Konaseema/api/venv/lib/python3.12/site-packages/botocore/data/s3/2006-03-01/paginators-1.sdk-extras.json - loaders.py:181
2025-08-21 11:59:02,371 - botocore.hooks - DEBUG - Event before-parameter-build.s3.ListObjectsV2: calling handler <function set_list_objects_encoding_type_url at 0x109bedb20> - hooks.py:238
2025-08-21 11:59:02,372 - botocore.hooks - DEBUG - Event before-parameter-build.s3.ListObjectsV2: calling handler <function validate_bucket_name at 0x109bec680> - hooks.py:238
2025-08-21 11:59:02,372 - botocore.hooks - DEBUG - Event before-parameter-build.s3.ListObjectsV2: calling handler <function remove_bucket_from_url_paths_from_model at 0x109bee840> - hooks.py:238
2025-08-21 11:59:02,372 - botocore.hooks - DEBUG - Event before-parameter-build.s3.ListObjectsV2: calling handler <bound method S3RegionRedirectorv2.annotate_request_context of <botocore.utils.S3RegionRedirectorv2 object at 0x10a56fb30>> - hooks.py:238
2025-08-21 11:59:02,373 - botocore.hooks - DEBUG - Event before-parameter-build.s3.ListObjectsV2: calling handler <bound method ClientCreator._inject_s3_input_parameters of <botocore.client.ClientCreator object at 0x10a0c3ad0>> - hooks.py:238
2025-08-21 11:59:02,373 - botocore.hooks - DEBUG - Event before-parameter-build.s3.ListObjectsV2: calling handler <function generate_idempotent_uuid at 0x109bec4a0> - hooks.py:238
2025-08-21 11:59:02,373 - botocore.hooks - DEBUG - Event before-endpoint-resolution.s3: calling handler <function customize_endpoint_resolver_builtins at 0x109beea20> - hooks.py:238
2025-08-21 11:59:02,373 - botocore.hooks - DEBUG - Event before-endpoint-resolution.s3: calling handler <bound method S3RegionRedirectorv2.redirect_from_cache of <botocore.utils.S3RegionRedirectorv2 object at 0x10a56fb30>> - hooks.py:238
2025-08-21 11:59:02,373 - botocore.regions - DEBUG - Calling endpoint provider with parameters: {'Bucket': 'implantology', 'Region': 'ap-south-1', 'UseFIPS': False, 'UseDualStack': False, 'ForcePathStyle': False, 'Accelerate': False, 'UseGlobalEndpoint': False, 'Prefix': '', 'DisableMultiRegionAccessPoints': False, 'UseArnRegion': True} - regions.py:498
2025-08-21 11:59:02,375 - botocore.regions - DEBUG - Endpoint provider result: https://implantology.s3.ap-south-1.amazonaws.com - regions.py:513
2025-08-21 11:59:02,376 - botocore.regions - DEBUG - Selecting from endpoint provider's list of auth schemes: "sigv4". User selected auth scheme is: "None" - regions.py:660
2025-08-21 11:59:02,376 - botocore.regions - DEBUG - Selected auth type "v4" as "v4" with signing context params: {'region': 'ap-south-1', 'signing_name': 's3', 'disableDoubleEncoding': True} - regions.py:733
2025-08-21 11:59:02,377 - botocore.hooks - DEBUG - Event before-call.s3.ListObjectsV2: calling handler <function add_expect_header at 0x109beca40> - hooks.py:238
2025-08-21 11:59:02,377 - botocore.hooks - DEBUG - Event before-call.s3.ListObjectsV2: calling handler <bound method S3ExpressIdentityResolver.apply_signing_cache_key of <botocore.utils.S3ExpressIdentityResolver object at 0x1094cc500>> - hooks.py:238
2025-08-21 11:59:02,377 - botocore.hooks - DEBUG - Event before-call.s3.ListObjectsV2: calling handler <function add_recursion_detection_header at 0x109bc3920> - hooks.py:238
2025-08-21 11:59:02,377 - botocore.hooks - DEBUG - Event before-call.s3.ListObjectsV2: calling handler <function inject_api_version_header_if_needed at 0x109bedf80> - hooks.py:238
2025-08-21 11:59:02,378 - botocore.endpoint - DEBUG - Making request for OperationModel(name=ListObjectsV2) with params: {'url_path': '?list-type=2', 'query_string': {'prefix': '', 'encoding-type': 'url'}, 'method': 'GET', 'headers': {'User-Agent': 'Boto3/1.34.105 md/Botocore#1.34.162 ua/2.0 os/macos#22.6.0 md/arch#x86_64 lang/python#3.12.0 md/pyimpl#CPython cfg/retry-mode#legacy Botocore/1.34.162'}, 'body': b'', 'auth_path': '/implantology/', 'url': 'https://implantology.s3.ap-south-1.amazonaws.com/?list-type=2&prefix=&encoding-type=url', 'context': {'client_region': 'ap-south-1', 'client_config': <botocore.config.Config object at 0x10a48c230>, 'has_streaming_input': False, 'auth_type': 'v4', 'encoding_type_auto_set': True, 's3_redirect': {'redirected': False, 'bucket': 'implantology', 'params': {'Bucket': 'implantology', 'Prefix': '', 'EncodingType': 'url'}}, 'input_params': {'Bucket': 'implantology', 'Prefix': ''}, 'signing': {'region': 'ap-south-1', 'signing_name': 's3', 'disableDoubleEncoding': True}, 'endpoint_properties': {'authSchemes': [{'disableDoubleEncoding': True, 'name': 'sigv4', 'signingName': 's3', 'signingRegion': 'ap-south-1'}]}}} - endpoint.py:114
2025-08-21 11:59:02,379 - botocore.hooks - DEBUG - Event request-created.s3.ListObjectsV2: calling handler <bound method RequestSigner.handler of <botocore.signers.RequestSigner object at 0x10a4a52e0>> - hooks.py:238
2025-08-21 11:59:02,380 - botocore.hooks - DEBUG - Event choose-signer.s3.ListObjectsV2: calling handler <function set_operation_specific_signer at 0x109bec360> - hooks.py:238
2025-08-21 11:59:02,380 - botocore.hooks - DEBUG - Event before-sign.s3.ListObjectsV2: calling handler <function remove_arn_from_signing_path at 0x109bee980> - hooks.py:238
2025-08-21 11:59:02,381 - botocore.hooks - DEBUG - Event before-sign.s3.ListObjectsV2: calling handler <bound method S3ExpressIdentityResolver.resolve_s3express_identity of <botocore.utils.S3ExpressIdentityResolver object at 0x1094cc500>> - hooks.py:238
2025-08-21 11:59:02,382 - botocore.auth - DEBUG - Calculating signature using v4 auth. - auth.py:425
2025-08-21 11:59:02,382 - botocore.auth - DEBUG - CanonicalRequest:
GET
/
encoding-type=url&list-type=2&prefix=
host:implantology.s3.ap-south-1.amazonaws.com
x-amz-content-sha256:e3b0c44298fc1c149afbf4c8996fb92427ae41e4649b934ca495991b7852b855
x-amz-date:20250821T062902Z

host;x-amz-content-sha256;x-amz-date
e3b0c44298fc1c149afbf4c8996fb92427ae41e4649b934ca495991b7852b855 - auth.py:426
2025-08-21 11:59:02,383 - botocore.auth - DEBUG - StringToSign:
AWS4-HMAC-SHA256
20250821T062902Z
20250821/ap-south-1/s3/aws4_request
a8536e685c061bb60e9788bd91350b890cf56811e8c07a6ec015674d38cfc406 - auth.py:428
2025-08-21 11:59:02,383 - botocore.auth - DEBUG - Signature:
d3b8ff8d91017eabd4e70f3512b7afb56746917f897c79db446a80c22d74f7a8 - auth.py:430
2025-08-21 11:59:02,384 - botocore.hooks - DEBUG - Event request-created.s3.ListObjectsV2: calling handler <function add_retry_headers at 0x109bee7a0> - hooks.py:238
2025-08-21 11:59:02,384 - botocore.endpoint - DEBUG - Sending http request: <AWSPreparedRequest stream_output=False, method=GET, url=https://implantology.s3.ap-south-1.amazonaws.com/?list-type=2&prefix=&encoding-type=url, headers={'User-Agent': b'Boto3/1.34.105 md/Botocore#1.34.162 ua/2.0 os/macos#22.6.0 md/arch#x86_64 lang/python#3.12.0 md/pyimpl#CPython cfg/retry-mode#legacy Botocore/1.34.162', 'X-Amz-Date': b'20250821T062902Z', 'X-Amz-Content-SHA256': b'e3b0c44298fc1c149afbf4c8996fb92427ae41e4649b934ca495991b7852b855', 'Authorization': b'AWS4-HMAC-SHA256 Credential=AKIA47GZYL32OWENCDWK/20250821/ap-south-1/s3/aws4_request, SignedHeaders=host;x-amz-content-sha256;x-amz-date, Signature=d3b8ff8d91017eabd4e70f3512b7afb56746917f897c79db446a80c22d74f7a8', 'amz-sdk-invocation-id': b'08788918-8f52-4240-8842-bcb8b9809800', 'amz-sdk-request': b'attempt=1'}> - endpoint.py:263
2025-08-21 11:59:02,390 - botocore.httpsession - DEBUG - Certificate path: /Volumes/macData/Projects/Project_Konaseema/api/venv/lib/python3.12/site-packages/certifi/cacert.pem - httpsession.py:97
2025-08-21 11:59:02,390 - urllib3.connectionpool - DEBUG - Starting new HTTPS connection (1): implantology.s3.ap-south-1.amazonaws.com:443 - connectionpool.py:1049
2025-08-21 11:59:02,686 - urllib3.connectionpool - DEBUG - https://implantology.s3.ap-south-1.amazonaws.com:443 "GET /?list-type=2&prefix=&encoding-type=url HTTP/1.1" 200 None - connectionpool.py:544
2025-08-21 11:59:02,687 - botocore.parsers - DEBUG - Response headers: {'x-amz-id-2': 'NddkxjGphZoynAnGNMoj+I1S2CJZxOM0tqov2AS8PDyyyq4ugLprmeed9TvI1BIuTSFimMZFP5g=', 'x-amz-request-id': 'Z81J60MZ0E751HAN', 'Date': 'Thu, 21 Aug 2025 06:29:03 GMT', 'x-amz-bucket-region': 'ap-south-1', 'Content-Type': 'application/xml', 'Transfer-Encoding': 'chunked', 'Server': 'AmazonS3'} - parsers.py:241
2025-08-21 11:59:02,688 - botocore.parsers - DEBUG - Response body:
b'<?xml version="1.0" encoding="UTF-8"?>\n<ListBucketResult xmlns="http://s3.amazonaws.com/doc/2006-03-01/"><Name>implantology</Name><Prefix></Prefix><KeyCount>0</KeyCount><MaxKeys>1000</MaxKeys><EncodingType>url</EncodingType><IsTruncated>false</IsTruncated></ListBucketResult>' - parsers.py:242
2025-08-21 11:59:02,689 - botocore.hooks - DEBUG - Event needs-retry.s3.ListObjectsV2: calling handler <botocore.retryhandler.RetryHandler object at 0x10a5880e0> - hooks.py:238
2025-08-21 11:59:02,690 - botocore.retryhandler - DEBUG - No retry needed. - retryhandler.py:211
2025-08-21 11:59:02,690 - botocore.hooks - DEBUG - Event needs-retry.s3.ListObjectsV2: calling handler <bound method S3RegionRedirectorv2.redirect_from_error of <botocore.utils.S3RegionRedirectorv2 object at 0x10a56fb30>> - hooks.py:238
2025-08-21 11:59:02,690 - botocore.hooks - DEBUG - Event after-call.s3.ListObjectsV2: calling handler <function decode_list_object_v2 at 0x109bedc60> - hooks.py:238
2025-08-21 11:59:54,048 - python_multipart.multipart - DEBUG - Calling on_part_begin with no data - multipart.py:628
2025-08-21 11:59:54,049 - python_multipart.multipart - DEBUG - Calling on_header_field with data[54:73] - multipart.py:625
2025-08-21 11:59:54,050 - python_multipart.multipart - DEBUG - Calling on_header_value with data[75:118] - multipart.py:625
2025-08-21 11:59:54,050 - python_multipart.multipart - DEBUG - Calling on_header_end with no data - multipart.py:628
2025-08-21 11:59:54,051 - python_multipart.multipart - DEBUG - Calling on_header_field with data[120:132] - multipart.py:625
2025-08-21 11:59:54,051 - python_multipart.multipart - DEBUG - Calling on_header_value with data[134:143] - multipart.py:625
2025-08-21 11:59:54,052 - python_multipart.multipart - DEBUG - Calling on_header_end with no data - multipart.py:628
2025-08-21 11:59:54,052 - python_multipart.multipart - DEBUG - Calling on_headers_finished with no data - multipart.py:628
2025-08-21 11:59:54,053 - python_multipart.multipart - DEBUG - Calling on_part_data with data[0:77959] - multipart.py:625
2025-08-21 11:59:54,053 - python_multipart.multipart - DEBUG - Calling on_part_end with no data - multipart.py:628
2025-08-21 11:59:54,054 - python_multipart.multipart - DEBUG - Calling on_end with no data - multipart.py:628
2025-08-21 11:59:54,055 - boto3.s3.transfer - DEBUG - Opting out of CRT Transfer Manager. Preferred client: auto, CRT available: False, Instance Optimized: False. - transfer.py:201
2025-08-21 11:59:54,055 - boto3.s3.transfer - DEBUG - Using default client. pid: 14164, thread: 140704488851200 - transfer.py:178
2025-08-21 11:59:54,056 - s3transfer.utils - DEBUG - Acquiring 0 - utils.py:635
2025-08-21 11:59:54,056 - s3transfer.tasks - DEBUG - UploadSubmissionTask(transfer_id=0, {'transfer_future': <s3transfer.futures.TransferFuture object at 0x10a65ef30>}) about to wait for the following futures [] - tasks.py:201
2025-08-21 11:59:54,057 - s3transfer.tasks - DEBUG - UploadSubmissionTask(transfer_id=0, {'transfer_future': <s3transfer.futures.TransferFuture object at 0x10a65ef30>}) done waiting for dependent futures - tasks.py:212
2025-08-21 11:59:54,057 - s3transfer.tasks - DEBUG - Executing task UploadSubmissionTask(transfer_id=0, {'transfer_future': <s3transfer.futures.TransferFuture object at 0x10a65ef30>}) with kwargs {'client': <botocore.client.S3 object at 0x109c3c1a0>, 'config': <boto3.s3.transfer.TransferConfig object at 0x10a65cec0>, 'osutil': <s3transfer.utils.OSUtils object at 0x10a65d460>, 'request_executor': <s3transfer.futures.BoundedExecutor object at 0x10a65d7c0>, 'transfer_future': <s3transfer.futures.TransferFuture object at 0x10a65ef30>} - tasks.py:156
2025-08-21 11:59:54,057 - s3transfer.futures - DEBUG - Submitting task PutObjectTask(transfer_id=0, {'bucket': 'implantology', 'key': 'hwjrfitNOrSDuHqekZbxmtbwcIEmviDdaOLhTbfR.png', 'extra_args': {}}) to executor <s3transfer.futures.BoundedExecutor object at 0x10a65d7c0> for transfer request: 0. - futures.py:316
2025-08-21 11:59:54,058 - s3transfer.utils - DEBUG - Acquiring 0 - utils.py:635
2025-08-21 11:59:54,058 - s3transfer.tasks - DEBUG - PutObjectTask(transfer_id=0, {'bucket': 'implantology', 'key': 'hwjrfitNOrSDuHqekZbxmtbwcIEmviDdaOLhTbfR.png', 'extra_args': {}}) about to wait for the following futures [] - tasks.py:201
2025-08-21 11:59:54,058 - s3transfer.utils - DEBUG - Releasing acquire 0/None - utils.py:648
2025-08-21 11:59:54,058 - s3transfer.tasks - DEBUG - PutObjectTask(transfer_id=0, {'bucket': 'implantology', 'key': 'hwjrfitNOrSDuHqekZbxmtbwcIEmviDdaOLhTbfR.png', 'extra_args': {}}) done waiting for dependent futures - tasks.py:212
2025-08-21 11:59:54,059 - s3transfer.tasks - DEBUG - Executing task PutObjectTask(transfer_id=0, {'bucket': 'implantology', 'key': 'hwjrfitNOrSDuHqekZbxmtbwcIEmviDdaOLhTbfR.png', 'extra_args': {}}) with kwargs {'client': <botocore.client.S3 object at 0x109c3c1a0>, 'fileobj': <s3transfer.utils.ReadFileChunk object at 0x10a65f200>, 'bucket': 'implantology', 'key': 'hwjrfitNOrSDuHqekZbxmtbwcIEmviDdaOLhTbfR.png', 'extra_args': {}} - tasks.py:156
2025-08-21 11:59:54,060 - botocore.hooks - DEBUG - Event before-parameter-build.s3.PutObject: calling handler <function validate_ascii_metadata at 0x109bed440> - hooks.py:238
2025-08-21 11:59:54,060 - botocore.hooks - DEBUG - Event before-parameter-build.s3.PutObject: calling handler <function sse_md5 at 0x109bec720> - hooks.py:238
2025-08-21 11:59:54,061 - botocore.hooks - DEBUG - Event before-parameter-build.s3.PutObject: calling handler <function convert_body_to_file_like_object at 0x109bede40> - hooks.py:238
2025-08-21 11:59:54,061 - botocore.hooks - DEBUG - Event before-parameter-build.s3.PutObject: calling handler <function validate_bucket_name at 0x109bec680> - hooks.py:238
2025-08-21 11:59:54,061 - botocore.hooks - DEBUG - Event before-parameter-build.s3.PutObject: calling handler <function remove_bucket_from_url_paths_from_model at 0x109bee840> - hooks.py:238
2025-08-21 11:59:54,061 - botocore.hooks - DEBUG - Event before-parameter-build.s3.PutObject: calling handler <bound method S3RegionRedirectorv2.annotate_request_context of <botocore.utils.S3RegionRedirectorv2 object at 0x10a56fb30>> - hooks.py:238
2025-08-21 11:59:54,062 - botocore.hooks - DEBUG - Event before-parameter-build.s3.PutObject: calling handler <bound method ClientCreator._inject_s3_input_parameters of <botocore.client.ClientCreator object at 0x10a0c3ad0>> - hooks.py:238
2025-08-21 11:59:54,062 - botocore.hooks - DEBUG - Event before-parameter-build.s3.PutObject: calling handler <function generate_idempotent_uuid at 0x109bec4a0> - hooks.py:238
2025-08-21 11:59:54,063 - botocore.hooks - DEBUG - Event before-endpoint-resolution.s3: calling handler <function customize_endpoint_resolver_builtins at 0x109beea20> - hooks.py:238
2025-08-21 11:59:54,063 - botocore.hooks - DEBUG - Event before-endpoint-resolution.s3: calling handler <bound method S3RegionRedirectorv2.redirect_from_cache of <botocore.utils.S3RegionRedirectorv2 object at 0x10a56fb30>> - hooks.py:238
2025-08-21 11:59:54,063 - botocore.regions - DEBUG - Calling endpoint provider with parameters: {'Bucket': 'implantology', 'Region': 'ap-south-1', 'UseFIPS': False, 'UseDualStack': False, 'ForcePathStyle': False, 'Accelerate': False, 'UseGlobalEndpoint': False, 'Key': 'hwjrfitNOrSDuHqekZbxmtbwcIEmviDdaOLhTbfR.png', 'DisableMultiRegionAccessPoints': False, 'UseArnRegion': True} - regions.py:498
2025-08-21 11:59:54,065 - botocore.regions - DEBUG - Endpoint provider result: https://implantology.s3.ap-south-1.amazonaws.com - regions.py:513
2025-08-21 11:59:54,065 - botocore.regions - DEBUG - Selecting from endpoint provider's list of auth schemes: "sigv4". User selected auth scheme is: "None" - regions.py:660
2025-08-21 11:59:54,065 - botocore.regions - DEBUG - Selected auth type "v4" as "v4" with signing context params: {'region': 'ap-south-1', 'signing_name': 's3', 'disableDoubleEncoding': True} - regions.py:733
2025-08-21 11:59:54,067 - botocore.hooks - DEBUG - Event before-call.s3.PutObject: calling handler <function conditionally_calculate_checksum at 0x109a3e0c0> - hooks.py:238
2025-08-21 11:59:54,067 - botocore.hooks - DEBUG - Event before-call.s3.PutObject: calling handler <function add_expect_header at 0x109beca40> - hooks.py:238
2025-08-21 11:59:54,068 - botocore.handlers - DEBUG - Adding expect 100 continue header to request. - handlers.py:358
2025-08-21 11:59:54,068 - botocore.hooks - DEBUG - Event before-call.s3.PutObject: calling handler <bound method S3ExpressIdentityResolver.apply_signing_cache_key of <botocore.utils.S3ExpressIdentityResolver object at 0x1094cc500>> - hooks.py:238
2025-08-21 11:59:54,068 - botocore.hooks - DEBUG - Event before-call.s3.PutObject: calling handler <function add_recursion_detection_header at 0x109bc3920> - hooks.py:238
2025-08-21 11:59:54,068 - botocore.hooks - DEBUG - Event before-call.s3.PutObject: calling handler <function inject_api_version_header_if_needed at 0x109bedf80> - hooks.py:238
2025-08-21 11:59:54,068 - botocore.endpoint - DEBUG - Making request for OperationModel(name=PutObject) with params: {'url_path': '/hwjrfitNOrSDuHqekZbxmtbwcIEmviDdaOLhTbfR.png', 'query_string': {}, 'method': 'PUT', 'headers': {'User-Agent': 'Boto3/1.34.105 md/Botocore#1.34.162 ua/2.0 os/macos#22.6.0 md/arch#x86_64 lang/python#3.12.0 md/pyimpl#CPython cfg/retry-mode#legacy Botocore/1.34.162', 'Content-MD5': 'ic7siuAPkDmuF3kA72iGBA==', 'Expect': '100-continue'}, 'body': <s3transfer.utils.ReadFileChunk object at 0x10a65f200>, 'auth_path': '/implantology/hwjrfitNOrSDuHqekZbxmtbwcIEmviDdaOLhTbfR.png', 'url': 'https://implantology.s3.ap-south-1.amazonaws.com/hwjrfitNOrSDuHqekZbxmtbwcIEmviDdaOLhTbfR.png', 'context': {'client_region': 'ap-south-1', 'client_config': <botocore.config.Config object at 0x10a48c230>, 'has_streaming_input': True, 'auth_type': 'v4', 's3_redirect': {'redirected': False, 'bucket': 'implantology', 'params': {'Bucket': 'implantology', 'Key': 'hwjrfitNOrSDuHqekZbxmtbwcIEmviDdaOLhTbfR.png', 'Body': <s3transfer.utils.ReadFileChunk object at 0x10a65f200>}}, 'input_params': {'Bucket': 'implantology', 'Key': 'hwjrfitNOrSDuHqekZbxmtbwcIEmviDdaOLhTbfR.png'}, 'signing': {'region': 'ap-south-1', 'signing_name': 's3', 'disableDoubleEncoding': True}, 'endpoint_properties': {'authSchemes': [{'disableDoubleEncoding': True, 'name': 'sigv4', 'signingName': 's3', 'signingRegion': 'ap-south-1'}]}}} - endpoint.py:114
2025-08-21 11:59:54,069 - botocore.hooks - DEBUG - Event request-created.s3.PutObject: calling handler <function signal_not_transferring at 0x10a4e4c20> - hooks.py:238
2025-08-21 11:59:54,069 - botocore.hooks - DEBUG - Event request-created.s3.PutObject: calling handler <bound method RequestSigner.handler of <botocore.signers.RequestSigner object at 0x10a4a52e0>> - hooks.py:238
2025-08-21 11:59:54,069 - botocore.hooks - DEBUG - Event choose-signer.s3.PutObject: calling handler <function set_operation_specific_signer at 0x109bec360> - hooks.py:238
2025-08-21 11:59:54,070 - botocore.hooks - DEBUG - Event before-sign.s3.PutObject: calling handler <function remove_arn_from_signing_path at 0x109bee980> - hooks.py:238
2025-08-21 11:59:54,070 - botocore.hooks - DEBUG - Event before-sign.s3.PutObject: calling handler <bound method S3ExpressIdentityResolver.resolve_s3express_identity of <botocore.utils.S3ExpressIdentityResolver object at 0x1094cc500>> - hooks.py:238
2025-08-21 11:59:54,071 - botocore.auth - DEBUG - Calculating signature using v4 auth. - auth.py:425
2025-08-21 11:59:54,071 - botocore.auth - DEBUG - CanonicalRequest:
PUT
/hwjrfitNOrSDuHqekZbxmtbwcIEmviDdaOLhTbfR.png

content-md5:ic7siuAPkDmuF3kA72iGBA==
host:implantology.s3.ap-south-1.amazonaws.com
x-amz-content-sha256:UNSIGNED-PAYLOAD
x-amz-date:20250821T062954Z

content-md5;host;x-amz-content-sha256;x-amz-date
UNSIGNED-PAYLOAD - auth.py:426
2025-08-21 11:59:54,071 - botocore.auth - DEBUG - StringToSign:
AWS4-HMAC-SHA256
20250821T062954Z
20250821/ap-south-1/s3/aws4_request
77a4efadf210a998711e0cc1d38735a1be196c9d8ab94b72cd6b904db8573808 - auth.py:428
2025-08-21 11:59:54,072 - botocore.auth - DEBUG - Signature:
5650126c991c96d1ee03d809aeb9a96defd989ca33dc67760ebd1a363288e126 - auth.py:430
2025-08-21 11:59:54,072 - botocore.hooks - DEBUG - Event request-created.s3.PutObject: calling handler <function signal_transferring at 0x10a4e4cc0> - hooks.py:238
2025-08-21 11:59:54,073 - botocore.hooks - DEBUG - Event request-created.s3.PutObject: calling handler <function add_retry_headers at 0x109bee7a0> - hooks.py:238
2025-08-21 11:59:54,073 - botocore.endpoint - DEBUG - Sending http request: <AWSPreparedRequest stream_output=False, method=PUT, url=https://implantology.s3.ap-south-1.amazonaws.com/hwjrfitNOrSDuHqekZbxmtbwcIEmviDdaOLhTbfR.png, headers={'User-Agent': b'Boto3/1.34.105 md/Botocore#1.34.162 ua/2.0 os/macos#22.6.0 md/arch#x86_64 lang/python#3.12.0 md/pyimpl#CPython cfg/retry-mode#legacy Botocore/1.34.162', 'Content-MD5': b'ic7siuAPkDmuF3kA72iGBA==', 'Expect': b'100-continue', 'X-Amz-Date': b'20250821T062954Z', 'X-Amz-Content-SHA256': b'UNSIGNED-PAYLOAD', 'Authorization': b'AWS4-HMAC-SHA256 Credential=AKIA47GZYL32OWENCDWK/20250821/ap-south-1/s3/aws4_request, SignedHeaders=content-md5;host;x-amz-content-sha256;x-amz-date, Signature=5650126c991c96d1ee03d809aeb9a96defd989ca33dc67760ebd1a363288e126', 'amz-sdk-invocation-id': b'c55b8111-dae6-4927-b6e7-c724dc124f4e', 'amz-sdk-request': b'attempt=1', 'Content-Length': '77959'}> - endpoint.py:263
2025-08-21 11:59:54,074 - botocore.httpsession - DEBUG - Certificate path: /Volumes/macData/Projects/Project_Konaseema/api/venv/lib/python3.12/site-packages/certifi/cacert.pem - httpsession.py:97
2025-08-21 11:59:54,074 - urllib3.connectionpool - DEBUG - Resetting dropped connection: implantology.s3.ap-south-1.amazonaws.com - connectionpool.py:289
2025-08-21 11:59:54,266 - botocore.awsrequest - DEBUG - Waiting for 100 Continue response. - awsrequest.py:127
2025-08-21 11:59:54,326 - botocore.awsrequest - DEBUG - 100 Continue response seen, now sending request body. - awsrequest.py:173
2025-08-21 11:59:54,630 - urllib3.connectionpool - DEBUG - https://implantology.s3.ap-south-1.amazonaws.com:443 "PUT /hwjrfitNOrSDuHqekZbxmtbwcIEmviDdaOLhTbfR.png HTTP/1.1" 200 0 - connectionpool.py:544
2025-08-21 11:59:54,630 - botocore.parsers - DEBUG - Response headers: {'x-amz-id-2': 'eH6NLvle+7eRjVdB2cqY3i5GX9J53JG1c51ZJFF0zRTtOYZ8hHrC36tt55tbev4d1jOwCm4E7kk=', 'x-amz-request-id': 'GY2E7T2TH0VC0PXP', 'Date': 'Thu, 21 Aug 2025 06:29:55 GMT', 'x-amz-server-side-encryption': 'AES256', 'ETag': '"89ceec8ae00f9039ae177900ef688604"', 'x-amz-checksum-crc64nvme': 'gVV6HOcKn4A=', 'x-amz-checksum-type': 'FULL_OBJECT', 'Content-Length': '0', 'Server': 'AmazonS3'} - parsers.py:241
2025-08-21 11:59:54,630 - botocore.parsers - DEBUG - Response body:
b'' - parsers.py:242
2025-08-21 11:59:54,631 - botocore.hooks - DEBUG - Event needs-retry.s3.PutObject: calling handler <botocore.retryhandler.RetryHandler object at 0x10a5880e0> - hooks.py:238
2025-08-21 11:59:54,631 - botocore.retryhandler - DEBUG - No retry needed. - retryhandler.py:211
2025-08-21 11:59:54,632 - botocore.hooks - DEBUG - Event needs-retry.s3.PutObject: calling handler <bound method S3RegionRedirectorv2.redirect_from_error of <botocore.utils.S3RegionRedirectorv2 object at 0x10a56fb30>> - hooks.py:238
2025-08-21 11:59:54,632 - s3transfer.utils - DEBUG - Releasing acquire 0/None - utils.py:648
2025-08-21 12:01:47,394 - botocore.hooks - DEBUG - Event before-parameter-build.s3.HeadObject: calling handler <function sse_md5 at 0x109bec720> - hooks.py:238
2025-08-21 12:01:47,395 - botocore.hooks - DEBUG - Event before-parameter-build.s3.HeadObject: calling handler <function validate_bucket_name at 0x109bec680> - hooks.py:238
2025-08-21 12:01:47,395 - botocore.hooks - DEBUG - Event before-parameter-build.s3.HeadObject: calling handler <function remove_bucket_from_url_paths_from_model at 0x109bee840> - hooks.py:238
2025-08-21 12:01:47,395 - botocore.hooks - DEBUG - Event before-parameter-build.s3.HeadObject: calling handler <bound method S3RegionRedirectorv2.annotate_request_context of <botocore.utils.S3RegionRedirectorv2 object at 0x10a56fb30>> - hooks.py:238
2025-08-21 12:01:47,396 - botocore.hooks - DEBUG - Event before-parameter-build.s3.HeadObject: calling handler <bound method ClientCreator._inject_s3_input_parameters of <botocore.client.ClientCreator object at 0x10a0c3ad0>> - hooks.py:238
2025-08-21 12:01:47,396 - botocore.hooks - DEBUG - Event before-parameter-build.s3.HeadObject: calling handler <function generate_idempotent_uuid at 0x109bec4a0> - hooks.py:238
2025-08-21 12:01:47,397 - botocore.hooks - DEBUG - Event before-endpoint-resolution.s3: calling handler <function customize_endpoint_resolver_builtins at 0x109beea20> - hooks.py:238
2025-08-21 12:01:47,397 - botocore.hooks - DEBUG - Event before-endpoint-resolution.s3: calling handler <bound method S3RegionRedirectorv2.redirect_from_cache of <botocore.utils.S3RegionRedirectorv2 object at 0x10a56fb30>> - hooks.py:238
2025-08-21 12:01:47,397 - botocore.regions - DEBUG - Calling endpoint provider with parameters: {'Bucket': 'implantology', 'Region': 'ap-south-1', 'UseFIPS': False, 'UseDualStack': False, 'ForcePathStyle': False, 'Accelerate': False, 'UseGlobalEndpoint': False, 'Key': 'hwjrfitNOrSDuHqekZbxmtbwcIEmviDdaOLhTbfR.png', 'DisableMultiRegionAccessPoints': False, 'UseArnRegion': True} - regions.py:498
2025-08-21 12:01:47,397 - botocore.regions - DEBUG - Endpoint provider result: https://implantology.s3.ap-south-1.amazonaws.com - regions.py:513
2025-08-21 12:01:47,397 - botocore.regions - DEBUG - Selecting from endpoint provider's list of auth schemes: "sigv4". User selected auth scheme is: "None" - regions.py:660
2025-08-21 12:01:47,397 - botocore.regions - DEBUG - Selected auth type "v4" as "v4" with signing context params: {'region': 'ap-south-1', 'signing_name': 's3', 'disableDoubleEncoding': True} - regions.py:733
2025-08-21 12:01:47,398 - botocore.hooks - DEBUG - Event before-call.s3.HeadObject: calling handler <function add_expect_header at 0x109beca40> - hooks.py:238
2025-08-21 12:01:47,398 - botocore.hooks - DEBUG - Event before-call.s3.HeadObject: calling handler <bound method S3ExpressIdentityResolver.apply_signing_cache_key of <botocore.utils.S3ExpressIdentityResolver object at 0x1094cc500>> - hooks.py:238
2025-08-21 12:01:47,398 - botocore.hooks - DEBUG - Event before-call.s3.HeadObject: calling handler <function add_recursion_detection_header at 0x109bc3920> - hooks.py:238
2025-08-21 12:01:47,398 - botocore.hooks - DEBUG - Event before-call.s3.HeadObject: calling handler <function inject_api_version_header_if_needed at 0x109bedf80> - hooks.py:238
2025-08-21 12:01:47,398 - botocore.endpoint - DEBUG - Making request for OperationModel(name=HeadObject) with params: {'url_path': '/hwjrfitNOrSDuHqekZbxmtbwcIEmviDdaOLhTbfR.png', 'query_string': {}, 'method': 'HEAD', 'headers': {'User-Agent': 'Boto3/1.34.105 md/Botocore#1.34.162 ua/2.0 os/macos#22.6.0 md/arch#x86_64 lang/python#3.12.0 md/pyimpl#CPython cfg/retry-mode#legacy Botocore/1.34.162'}, 'body': b'', 'auth_path': '/implantology/hwjrfitNOrSDuHqekZbxmtbwcIEmviDdaOLhTbfR.png', 'url': 'https://implantology.s3.ap-south-1.amazonaws.com/hwjrfitNOrSDuHqekZbxmtbwcIEmviDdaOLhTbfR.png', 'context': {'client_region': 'ap-south-1', 'client_config': <botocore.config.Config object at 0x10a48c230>, 'has_streaming_input': False, 'auth_type': 'v4', 's3_redirect': {'redirected': False, 'bucket': 'implantology', 'params': {'Bucket': 'implantology', 'Key': 'hwjrfitNOrSDuHqekZbxmtbwcIEmviDdaOLhTbfR.png'}}, 'input_params': {'Bucket': 'implantology', 'Key': 'hwjrfitNOrSDuHqekZbxmtbwcIEmviDdaOLhTbfR.png'}, 'signing': {'region': 'ap-south-1', 'signing_name': 's3', 'disableDoubleEncoding': True}, 'endpoint_properties': {'authSchemes': [{'disableDoubleEncoding': True, 'name': 'sigv4', 'signingName': 's3', 'signingRegion': 'ap-south-1'}]}}} - endpoint.py:114
2025-08-21 12:01:47,399 - botocore.hooks - DEBUG - Event request-created.s3.HeadObject: calling handler <function signal_not_transferring at 0x10a4e4c20> - hooks.py:238
2025-08-21 12:01:47,400 - botocore.hooks - DEBUG - Event request-created.s3.HeadObject: calling handler <bound method RequestSigner.handler of <botocore.signers.RequestSigner object at 0x10a4a52e0>> - hooks.py:238
2025-08-21 12:01:47,400 - botocore.hooks - DEBUG - Event choose-signer.s3.HeadObject: calling handler <function set_operation_specific_signer at 0x109bec360> - hooks.py:238
2025-08-21 12:01:47,401 - botocore.hooks - DEBUG - Event before-sign.s3.HeadObject: calling handler <function remove_arn_from_signing_path at 0x109bee980> - hooks.py:238
2025-08-21 12:01:47,401 - botocore.hooks - DEBUG - Event before-sign.s3.HeadObject: calling handler <bound method S3ExpressIdentityResolver.resolve_s3express_identity of <botocore.utils.S3ExpressIdentityResolver object at 0x1094cc500>> - hooks.py:238
2025-08-21 12:01:47,402 - botocore.auth - DEBUG - Calculating signature using v4 auth. - auth.py:425
2025-08-21 12:01:47,403 - botocore.auth - DEBUG - CanonicalRequest:
HEAD
/hwjrfitNOrSDuHqekZbxmtbwcIEmviDdaOLhTbfR.png

host:implantology.s3.ap-south-1.amazonaws.com
x-amz-content-sha256:e3b0c44298fc1c149afbf4c8996fb92427ae41e4649b934ca495991b7852b855
x-amz-date:20250821T063147Z

host;x-amz-content-sha256;x-amz-date
e3b0c44298fc1c149afbf4c8996fb92427ae41e4649b934ca495991b7852b855 - auth.py:426
2025-08-21 12:01:47,403 - botocore.auth - DEBUG - StringToSign:
AWS4-HMAC-SHA256
20250821T063147Z
20250821/ap-south-1/s3/aws4_request
407599f9b3da98ef0a7bf6569540174ff1fc0b9dd8eba7846429b1ad9a408ef1 - auth.py:428
2025-08-21 12:01:47,403 - botocore.auth - DEBUG - Signature:
59b157c618b9e769322b2c159b6f9eef63e94fb3e327f4b6f303248ee886522a - auth.py:430
2025-08-21 12:01:47,404 - botocore.hooks - DEBUG - Event request-created.s3.HeadObject: calling handler <function signal_transferring at 0x10a4e4cc0> - hooks.py:238
2025-08-21 12:01:47,404 - botocore.hooks - DEBUG - Event request-created.s3.HeadObject: calling handler <function add_retry_headers at 0x109bee7a0> - hooks.py:238
2025-08-21 12:01:47,404 - botocore.endpoint - DEBUG - Sending http request: <AWSPreparedRequest stream_output=False, method=HEAD, url=https://implantology.s3.ap-south-1.amazonaws.com/hwjrfitNOrSDuHqekZbxmtbwcIEmviDdaOLhTbfR.png, headers={'User-Agent': b'Boto3/1.34.105 md/Botocore#1.34.162 ua/2.0 os/macos#22.6.0 md/arch#x86_64 lang/python#3.12.0 md/pyimpl#CPython cfg/retry-mode#legacy Botocore/1.34.162', 'X-Amz-Date': b'20250821T063147Z', 'X-Amz-Content-SHA256': b'e3b0c44298fc1c149afbf4c8996fb92427ae41e4649b934ca495991b7852b855', 'Authorization': b'AWS4-HMAC-SHA256 Credential=AKIA47GZYL32OWENCDWK/20250821/ap-south-1/s3/aws4_request, SignedHeaders=host;x-amz-content-sha256;x-amz-date, Signature=59b157c618b9e769322b2c159b6f9eef63e94fb3e327f4b6f303248ee886522a', 'amz-sdk-invocation-id': b'f41baf11-824e-4c65-adb5-54d67897a603', 'amz-sdk-request': b'attempt=1'}> - endpoint.py:263
2025-08-21 12:01:47,405 - botocore.httpsession - DEBUG - Certificate path: /Volumes/macData/Projects/Project_Konaseema/api/venv/lib/python3.12/site-packages/certifi/cacert.pem - httpsession.py:97
2025-08-21 12:01:47,405 - urllib3.connectionpool - DEBUG - Resetting dropped connection: implantology.s3.ap-south-1.amazonaws.com - connectionpool.py:289
2025-08-21 12:01:47,629 - urllib3.connectionpool - DEBUG - https://implantology.s3.ap-south-1.amazonaws.com:443 "HEAD /hwjrfitNOrSDuHqekZbxmtbwcIEmviDdaOLhTbfR.png HTTP/1.1" 200 0 - connectionpool.py:544
2025-08-21 12:01:47,629 - botocore.parsers - DEBUG - Response headers: {'x-amz-id-2': 'c0M6vpiqPzBJy7e9xVrQ4do/vrvS43Gfq58/sHnvBJENxJq3GOb1cCfDatL42u3AdEKhgUgGNwptfGFynfj2/Q==', 'x-amz-request-id': '4YK03DHS8BEZM2NZ', 'Date': 'Thu, 21 Aug 2025 06:31:48 GMT', 'Last-Modified': 'Thu, 21 Aug 2025 06:29:55 GMT', 'ETag': '"89ceec8ae00f9039ae177900ef688604"', 'x-amz-server-side-encryption': 'AES256', 'Accept-Ranges': 'bytes', 'Content-Type': 'binary/octet-stream', 'Content-Length': '77959', 'Server': 'AmazonS3'} - parsers.py:241
2025-08-21 12:01:47,629 - botocore.parsers - DEBUG - Response body:
b'' - parsers.py:242
2025-08-21 12:01:47,632 - botocore.hooks - DEBUG - Event needs-retry.s3.HeadObject: calling handler <botocore.retryhandler.RetryHandler object at 0x10a5880e0> - hooks.py:238
2025-08-21 12:01:47,633 - botocore.retryhandler - DEBUG - No retry needed. - retryhandler.py:211
2025-08-21 12:01:47,633 - botocore.hooks - DEBUG - Event needs-retry.s3.HeadObject: calling handler <bound method S3RegionRedirectorv2.redirect_from_error of <botocore.utils.S3RegionRedirectorv2 object at 0x10a56fb30>> - hooks.py:238
2025-08-21 12:01:47,634 - botocore.hooks - DEBUG - Event before-parameter-build.s3.GetObject: calling handler <function sse_md5 at 0x109bec720> - hooks.py:238
2025-08-21 12:01:47,634 - botocore.hooks - DEBUG - Event before-parameter-build.s3.GetObject: calling handler <function validate_bucket_name at 0x109bec680> - hooks.py:238
2025-08-21 12:01:47,635 - botocore.hooks - DEBUG - Event before-parameter-build.s3.GetObject: calling handler <function remove_bucket_from_url_paths_from_model at 0x109bee840> - hooks.py:238
2025-08-21 12:01:47,635 - botocore.hooks - DEBUG - Event before-parameter-build.s3.GetObject: calling handler <bound method S3RegionRedirectorv2.annotate_request_context of <botocore.utils.S3RegionRedirectorv2 object at 0x10a56fb30>> - hooks.py:238
2025-08-21 12:01:47,635 - botocore.hooks - DEBUG - Event before-parameter-build.s3.GetObject: calling handler <bound method ClientCreator._inject_s3_input_parameters of <botocore.client.ClientCreator object at 0x10a0c3ad0>> - hooks.py:238
2025-08-21 12:01:47,636 - botocore.hooks - DEBUG - Event before-parameter-build.s3.GetObject: calling handler <function generate_idempotent_uuid at 0x109bec4a0> - hooks.py:238
2025-08-21 12:01:47,637 - botocore.hooks - DEBUG - Event before-endpoint-resolution.s3: calling handler <function customize_endpoint_resolver_builtins at 0x109beea20> - hooks.py:238
2025-08-21 12:01:47,637 - botocore.hooks - DEBUG - Event before-endpoint-resolution.s3: calling handler <bound method S3RegionRedirectorv2.redirect_from_cache of <botocore.utils.S3RegionRedirectorv2 object at 0x10a56fb30>> - hooks.py:238
2025-08-21 12:01:47,637 - botocore.regions - DEBUG - Calling endpoint provider with parameters: {'Bucket': 'implantology', 'Region': 'ap-south-1', 'UseFIPS': False, 'UseDualStack': False, 'ForcePathStyle': False, 'Accelerate': False, 'UseGlobalEndpoint': False, 'Key': 'hwjrfitNOrSDuHqekZbxmtbwcIEmviDdaOLhTbfR.png', 'DisableMultiRegionAccessPoints': False, 'UseArnRegion': True} - regions.py:498
2025-08-21 12:01:47,638 - botocore.regions - DEBUG - Endpoint provider result: https://implantology.s3.ap-south-1.amazonaws.com - regions.py:513
2025-08-21 12:01:47,638 - botocore.regions - DEBUG - Selecting from endpoint provider's list of auth schemes: "sigv4". User selected auth scheme is: "None" - regions.py:660
2025-08-21 12:01:47,639 - botocore.regions - DEBUG - Selected auth type "v4" as "v4" with signing context params: {'region': 'ap-south-1', 'signing_name': 's3', 'disableDoubleEncoding': True} - regions.py:733
2025-08-21 12:01:47,640 - botocore.hooks - DEBUG - Event before-call.s3.GetObject: calling handler <function add_expect_header at 0x109beca40> - hooks.py:238
2025-08-21 12:01:47,641 - botocore.hooks - DEBUG - Event before-call.s3.GetObject: calling handler <bound method S3ExpressIdentityResolver.apply_signing_cache_key of <botocore.utils.S3ExpressIdentityResolver object at 0x1094cc500>> - hooks.py:238
2025-08-21 12:01:47,641 - botocore.hooks - DEBUG - Event before-call.s3.GetObject: calling handler <function add_recursion_detection_header at 0x109bc3920> - hooks.py:238
2025-08-21 12:01:47,642 - botocore.hooks - DEBUG - Event before-call.s3.GetObject: calling handler <function inject_api_version_header_if_needed at 0x109bedf80> - hooks.py:238
2025-08-21 12:01:47,642 - botocore.endpoint - DEBUG - Making request for OperationModel(name=GetObject) with params: {'url_path': '/hwjrfitNOrSDuHqekZbxmtbwcIEmviDdaOLhTbfR.png', 'query_string': {}, 'method': 'GET', 'headers': {'User-Agent': 'Boto3/1.34.105 md/Botocore#1.34.162 ua/2.0 os/macos#22.6.0 md/arch#x86_64 lang/python#3.12.0 md/pyimpl#CPython cfg/retry-mode#legacy Botocore/1.34.162'}, 'body': b'', 'auth_path': '/implantology/hwjrfitNOrSDuHqekZbxmtbwcIEmviDdaOLhTbfR.png', 'url': 'https://implantology.s3.ap-south-1.amazonaws.com/hwjrfitNOrSDuHqekZbxmtbwcIEmviDdaOLhTbfR.png', 'context': {'client_region': 'ap-south-1', 'client_config': <botocore.config.Config object at 0x10a48c230>, 'has_streaming_input': False, 'auth_type': 'v4', 's3_redirect': {'redirected': False, 'bucket': 'implantology', 'params': {'Bucket': 'implantology', 'Key': 'hwjrfitNOrSDuHqekZbxmtbwcIEmviDdaOLhTbfR.png'}}, 'input_params': {'Bucket': 'implantology', 'Key': 'hwjrfitNOrSDuHqekZbxmtbwcIEmviDdaOLhTbfR.png'}, 'signing': {'region': 'ap-south-1', 'signing_name': 's3', 'disableDoubleEncoding': True}, 'endpoint_properties': {'authSchemes': [{'disableDoubleEncoding': True, 'name': 'sigv4', 'signingName': 's3', 'signingRegion': 'ap-south-1'}]}}} - endpoint.py:114
2025-08-21 12:01:47,643 - botocore.hooks - DEBUG - Event request-created.s3.GetObject: calling handler <function signal_not_transferring at 0x10a4e4c20> - hooks.py:238
2025-08-21 12:01:47,643 - botocore.hooks - DEBUG - Event request-created.s3.GetObject: calling handler <bound method RequestSigner.handler of <botocore.signers.RequestSigner object at 0x10a4a52e0>> - hooks.py:238
2025-08-21 12:01:47,644 - botocore.hooks - DEBUG - Event choose-signer.s3.GetObject: calling handler <function set_operation_specific_signer at 0x109bec360> - hooks.py:238
2025-08-21 12:01:47,644 - botocore.hooks - DEBUG - Event before-sign.s3.GetObject: calling handler <function remove_arn_from_signing_path at 0x109bee980> - hooks.py:238
2025-08-21 12:01:47,645 - botocore.hooks - DEBUG - Event before-sign.s3.GetObject: calling handler <bound method S3ExpressIdentityResolver.resolve_s3express_identity of <botocore.utils.S3ExpressIdentityResolver object at 0x1094cc500>> - hooks.py:238
2025-08-21 12:01:47,647 - botocore.auth - DEBUG - Calculating signature using v4 auth. - auth.py:425
2025-08-21 12:01:47,647 - botocore.auth - DEBUG - CanonicalRequest:
GET
/hwjrfitNOrSDuHqekZbxmtbwcIEmviDdaOLhTbfR.png

host:implantology.s3.ap-south-1.amazonaws.com
x-amz-content-sha256:e3b0c44298fc1c149afbf4c8996fb92427ae41e4649b934ca495991b7852b855
x-amz-date:20250821T063147Z

host;x-amz-content-sha256;x-amz-date
e3b0c44298fc1c149afbf4c8996fb92427ae41e4649b934ca495991b7852b855 - auth.py:426
2025-08-21 12:01:47,647 - botocore.auth - DEBUG - StringToSign:
AWS4-HMAC-SHA256
20250821T063147Z
20250821/ap-south-1/s3/aws4_request
ddcf1ad8fadd0095560ddaa23beed8a656dbcc17cd808d071a63ce229623e9da - auth.py:428
2025-08-21 12:01:47,648 - botocore.auth - DEBUG - Signature:
76f0db7e17e5bbe3a103ffeea467216fb41ade996a9a7f0cf1dd6224982c5e2d - auth.py:430
2025-08-21 12:01:47,648 - botocore.hooks - DEBUG - Event request-created.s3.GetObject: calling handler <function signal_transferring at 0x10a4e4cc0> - hooks.py:238
2025-08-21 12:01:47,649 - botocore.hooks - DEBUG - Event request-created.s3.GetObject: calling handler <function add_retry_headers at 0x109bee7a0> - hooks.py:238
2025-08-21 12:01:47,649 - botocore.endpoint - DEBUG - Sending http request: <AWSPreparedRequest stream_output=True, method=GET, url=https://implantology.s3.ap-south-1.amazonaws.com/hwjrfitNOrSDuHqekZbxmtbwcIEmviDdaOLhTbfR.png, headers={'User-Agent': b'Boto3/1.34.105 md/Botocore#1.34.162 ua/2.0 os/macos#22.6.0 md/arch#x86_64 lang/python#3.12.0 md/pyimpl#CPython cfg/retry-mode#legacy Botocore/1.34.162', 'X-Amz-Date': b'20250821T063147Z', 'X-Amz-Content-SHA256': b'e3b0c44298fc1c149afbf4c8996fb92427ae41e4649b934ca495991b7852b855', 'Authorization': b'AWS4-HMAC-SHA256 Credential=AKIA47GZYL32OWENCDWK/20250821/ap-south-1/s3/aws4_request, SignedHeaders=host;x-amz-content-sha256;x-amz-date, Signature=76f0db7e17e5bbe3a103ffeea467216fb41ade996a9a7f0cf1dd6224982c5e2d', 'amz-sdk-invocation-id': b'4b1aebc5-fb09-4841-8f3a-2174796dae72', 'amz-sdk-request': b'attempt=1'}> - endpoint.py:263
2025-08-21 12:01:47,649 - botocore.httpsession - DEBUG - Certificate path: /Volumes/macData/Projects/Project_Konaseema/api/venv/lib/python3.12/site-packages/certifi/cacert.pem - httpsession.py:97
2025-08-21 12:01:47,750 - urllib3.connectionpool - DEBUG - https://implantology.s3.ap-south-1.amazonaws.com:443 "GET /hwjrfitNOrSDuHqekZbxmtbwcIEmviDdaOLhTbfR.png HTTP/1.1" 200 77959 - connectionpool.py:544
2025-08-21 12:01:47,750 - botocore.parsers - DEBUG - Response headers: {'x-amz-id-2': 'Zj7Kqxnxo4iLTTL+l8ltezLBbAVWQxPQcMSHw6V1quAvTbylMSaI5Nnz38Wj6+YfHYU6LparyIpX0sweYu0NVQ==', 'x-amz-request-id': '4YK5AJBHQAMVKNMV', 'Date': 'Thu, 21 Aug 2025 06:31:48 GMT', 'Last-Modified': 'Thu, 21 Aug 2025 06:29:55 GMT', 'ETag': '"89ceec8ae00f9039ae177900ef688604"', 'x-amz-server-side-encryption': 'AES256', 'Accept-Ranges': 'bytes', 'Content-Type': 'binary/octet-stream', 'Content-Length': '77959', 'Server': 'AmazonS3'} - parsers.py:241
2025-08-21 12:01:47,751 - botocore.parsers - DEBUG - Response body:
<botocore.response.StreamingBody object at 0x10a6992a0> - parsers.py:242
2025-08-21 12:01:47,752 - botocore.hooks - DEBUG - Event needs-retry.s3.GetObject: calling handler <botocore.retryhandler.RetryHandler object at 0x10a5880e0> - hooks.py:238
2025-08-21 12:01:47,753 - botocore.retryhandler - DEBUG - No retry needed. - retryhandler.py:211
2025-08-21 12:01:47,754 - botocore.hooks - DEBUG - Event needs-retry.s3.GetObject: calling handler <bound method S3RegionRedirectorv2.redirect_from_error of <botocore.utils.S3RegionRedirectorv2 object at 0x10a56fb30>> - hooks.py:238
2025-08-21 12:01:48,311 - PIL.PngImagePlugin - DEBUG - STREAM b'IHDR' 16 13 - PngImagePlugin.py:200
2025-08-21 12:01:48,312 - PIL.PngImagePlugin - DEBUG - STREAM b'IDAT' 41 8192 - PngImagePlugin.py:200
2025-08-21 12:01:48,345 - PIL.Image - DEBUG - Importing AvifImagePlugin - Image.py:399
2025-08-21 12:01:48,347 - PIL.Image - DEBUG - Importing BlpImagePlugin - Image.py:399
2025-08-21 12:01:48,351 - PIL.Image - DEBUG - Importing BmpImagePlugin - Image.py:399
2025-08-21 12:01:48,351 - PIL.Image - DEBUG - Importing BufrStubImagePlugin - Image.py:399
2025-08-21 12:01:48,352 - PIL.Image - DEBUG - Importing CurImagePlugin - Image.py:399
2025-08-21 12:01:48,353 - PIL.Image - DEBUG - Importing DcxImagePlugin - Image.py:399
2025-08-21 12:01:48,354 - PIL.Image - DEBUG - Importing DdsImagePlugin - Image.py:399
2025-08-21 12:01:48,360 - PIL.Image - DEBUG - Importing EpsImagePlugin - Image.py:399
2025-08-21 12:01:48,362 - PIL.Image - DEBUG - Importing FitsImagePlugin - Image.py:399
2025-08-21 12:01:48,363 - PIL.Image - DEBUG - Importing FliImagePlugin - Image.py:399
2025-08-21 12:01:48,364 - PIL.Image - DEBUG - Importing FpxImagePlugin - Image.py:399
2025-08-21 12:01:48,365 - PIL.Image - DEBUG - Image: failed to import FpxImagePlugin: No module named 'olefile' - Image.py:402
2025-08-21 12:01:48,365 - PIL.Image - DEBUG - Importing FtexImagePlugin - Image.py:399
2025-08-21 12:01:48,368 - PIL.Image - DEBUG - Importing GbrImagePlugin - Image.py:399
2025-08-21 12:01:48,370 - PIL.Image - DEBUG - Importing GifImagePlugin - Image.py:399
2025-08-21 12:01:48,372 - PIL.Image - DEBUG - Importing GribStubImagePlugin - Image.py:399
2025-08-21 12:01:48,375 - PIL.Image - DEBUG - Importing Hdf5StubImagePlugin - Image.py:399
2025-08-21 12:01:48,377 - PIL.Image - DEBUG - Importing IcnsImagePlugin - Image.py:399
2025-08-21 12:01:48,381 - PIL.Image - DEBUG - Importing IcoImagePlugin - Image.py:399
2025-08-21 12:01:48,383 - PIL.Image - DEBUG - Importing ImImagePlugin - Image.py:399
2025-08-21 12:01:48,384 - PIL.Image - DEBUG - Importing ImtImagePlugin - Image.py:399
2025-08-21 12:01:48,385 - PIL.Image - DEBUG - Importing IptcImagePlugin - Image.py:399
2025-08-21 12:01:48,387 - PIL.Image - DEBUG - Importing JpegImagePlugin - Image.py:399
2025-08-21 12:01:48,387 - PIL.Image - DEBUG - Importing Jpeg2KImagePlugin - Image.py:399
2025-08-21 12:01:48,387 - PIL.Image - DEBUG - Importing McIdasImagePlugin - Image.py:399
2025-08-21 12:01:48,388 - PIL.Image - DEBUG - Importing MicImagePlugin - Image.py:399
2025-08-21 12:01:48,389 - PIL.Image - DEBUG - Image: failed to import MicImagePlugin: No module named 'olefile' - Image.py:402
2025-08-21 12:01:48,390 - PIL.Image - DEBUG - Importing MpegImagePlugin - Image.py:399
2025-08-21 12:01:48,391 - PIL.Image - DEBUG - Importing MpoImagePlugin - Image.py:399
2025-08-21 12:01:48,394 - PIL.Image - DEBUG - Importing MspImagePlugin - Image.py:399
2025-08-21 12:01:48,395 - PIL.Image - DEBUG - Importing PalmImagePlugin - Image.py:399
2025-08-21 12:01:48,397 - PIL.Image - DEBUG - Importing PcdImagePlugin - Image.py:399
2025-08-21 12:01:48,399 - PIL.Image - DEBUG - Importing PcxImagePlugin - Image.py:399
2025-08-21 12:01:48,399 - PIL.Image - DEBUG - Importing PdfImagePlugin - Image.py:399
2025-08-21 12:01:48,406 - PIL.Image - DEBUG - Importing PixarImagePlugin - Image.py:399
2025-08-21 12:01:48,407 - PIL.Image - DEBUG - Importing PngImagePlugin - Image.py:399
2025-08-21 12:01:48,408 - PIL.Image - DEBUG - Importing PpmImagePlugin - Image.py:399
2025-08-21 12:01:48,408 - PIL.Image - DEBUG - Importing PsdImagePlugin - Image.py:399
2025-08-21 12:01:48,409 - PIL.Image - DEBUG - Importing QoiImagePlugin - Image.py:399
2025-08-21 12:01:48,410 - PIL.Image - DEBUG - Importing SgiImagePlugin - Image.py:399
2025-08-21 12:01:48,411 - PIL.Image - DEBUG - Importing SpiderImagePlugin - Image.py:399
2025-08-21 12:01:48,412 - PIL.Image - DEBUG - Importing SunImagePlugin - Image.py:399
2025-08-21 12:01:48,413 - PIL.Image - DEBUG - Importing TgaImagePlugin - Image.py:399
2025-08-21 12:01:48,414 - PIL.Image - DEBUG - Importing TiffImagePlugin - Image.py:399
2025-08-21 12:01:48,415 - PIL.Image - DEBUG - Importing WebPImagePlugin - Image.py:399
2025-08-21 12:01:50,943 - PIL.Image - DEBUG - Importing WmfImagePlugin - Image.py:399
2025-08-21 12:01:50,944 - PIL.Image - DEBUG - Importing XbmImagePlugin - Image.py:399
2025-08-21 12:01:50,946 - PIL.Image - DEBUG - Importing XpmImagePlugin - Image.py:399
2025-08-21 12:01:50,947 - PIL.Image - DEBUG - Importing XVThumbImagePlugin - Image.py:399
2025-08-21 14:03:35,910 - botocore.loaders - DEBUG - Loading JSON file: /Volumes/macData/Projects/Project_Konaseema/api/venv/lib/python3.12/site-packages/botocore/data/s3/2006-03-01/paginators-1.json - loaders.py:181
2025-08-21 14:03:35,912 - botocore.loaders - DEBUG - Loading JSON file: /Volumes/macData/Projects/Project_Konaseema/api/venv/lib/python3.12/site-packages/botocore/data/s3/2006-03-01/paginators-1.sdk-extras.json - loaders.py:181
2025-08-21 14:03:35,915 - botocore.hooks - DEBUG - Event before-parameter-build.s3.ListObjectsV2: calling handler <function set_list_objects_encoding_type_url at 0x10c1e1b20> - hooks.py:238
2025-08-21 14:03:35,917 - botocore.hooks - DEBUG - Event before-parameter-build.s3.ListObjectsV2: calling handler <function validate_bucket_name at 0x10c1e0680> - hooks.py:238
2025-08-21 14:03:35,918 - botocore.hooks - DEBUG - Event before-parameter-build.s3.ListObjectsV2: calling handler <function remove_bucket_from_url_paths_from_model at 0x10c1e2840> - hooks.py:238
2025-08-21 14:03:35,919 - botocore.hooks - DEBUG - Event before-parameter-build.s3.ListObjectsV2: calling handler <bound method S3RegionRedirectorv2.annotate_request_context of <botocore.utils.S3RegionRedirectorv2 object at 0x10be80200>> - hooks.py:238
2025-08-21 14:03:35,920 - botocore.hooks - DEBUG - Event before-parameter-build.s3.ListObjectsV2: calling handler <bound method ClientCreator._inject_s3_input_parameters of <botocore.client.ClientCreator object at 0x10c6bfaa0>> - hooks.py:238
2025-08-21 14:03:35,921 - botocore.hooks - DEBUG - Event before-parameter-build.s3.ListObjectsV2: calling handler <function generate_idempotent_uuid at 0x10c1e04a0> - hooks.py:238
2025-08-21 14:03:35,923 - botocore.hooks - DEBUG - Event before-endpoint-resolution.s3: calling handler <function customize_endpoint_resolver_builtins at 0x10c1e2a20> - hooks.py:238
2025-08-21 14:03:35,924 - botocore.hooks - DEBUG - Event before-endpoint-resolution.s3: calling handler <bound method S3RegionRedirectorv2.redirect_from_cache of <botocore.utils.S3RegionRedirectorv2 object at 0x10be80200>> - hooks.py:238
2025-08-21 14:03:35,925 - botocore.regions - DEBUG - Calling endpoint provider with parameters: {'Bucket': 'implantology', 'Region': 'ap-south-1', 'UseFIPS': False, 'UseDualStack': False, 'ForcePathStyle': False, 'Accelerate': False, 'UseGlobalEndpoint': False, 'Prefix': '', 'DisableMultiRegionAccessPoints': False, 'UseArnRegion': True} - regions.py:498
2025-08-21 14:03:35,929 - botocore.regions - DEBUG - Endpoint provider result: https://implantology.s3.ap-south-1.amazonaws.com - regions.py:513
2025-08-21 14:03:35,929 - botocore.regions - DEBUG - Selecting from endpoint provider's list of auth schemes: "sigv4". User selected auth scheme is: "None" - regions.py:660
2025-08-21 14:03:35,931 - botocore.regions - DEBUG - Selected auth type "v4" as "v4" with signing context params: {'region': 'ap-south-1', 'signing_name': 's3', 'disableDoubleEncoding': True} - regions.py:733
2025-08-21 14:03:35,932 - botocore.hooks - DEBUG - Event before-call.s3.ListObjectsV2: calling handler <function add_expect_header at 0x10c1e0a40> - hooks.py:238
2025-08-21 14:03:35,934 - botocore.hooks - DEBUG - Event before-call.s3.ListObjectsV2: calling handler <bound method S3ExpressIdentityResolver.apply_signing_cache_key of <botocore.utils.S3ExpressIdentityResolver object at 0x10c11c6b0>> - hooks.py:238
2025-08-21 14:03:35,934 - botocore.hooks - DEBUG - Event before-call.s3.ListObjectsV2: calling handler <function add_recursion_detection_header at 0x10c1bb920> - hooks.py:238
2025-08-21 14:03:35,935 - botocore.hooks - DEBUG - Event before-call.s3.ListObjectsV2: calling handler <function inject_api_version_header_if_needed at 0x10c1e1f80> - hooks.py:238
2025-08-21 14:03:35,937 - botocore.endpoint - DEBUG - Making request for OperationModel(name=ListObjectsV2) with params: {'url_path': '?list-type=2', 'query_string': {'prefix': '', 'encoding-type': 'url'}, 'method': 'GET', 'headers': {'User-Agent': 'Boto3/1.34.105 md/Botocore#1.34.162 ua/2.0 os/macos#22.6.0 md/arch#x86_64 lang/python#3.12.0 md/pyimpl#CPython cfg/retry-mode#legacy Botocore/1.34.162'}, 'body': b'', 'auth_path': '/implantology/', 'url': 'https://implantology.s3.ap-south-1.amazonaws.com/?list-type=2&prefix=&encoding-type=url', 'context': {'client_region': 'ap-south-1', 'client_config': <botocore.config.Config object at 0x10bf34800>, 'has_streaming_input': False, 'auth_type': 'v4', 'encoding_type_auto_set': True, 's3_redirect': {'redirected': False, 'bucket': 'implantology', 'params': {'Bucket': 'implantology', 'Prefix': '', 'EncodingType': 'url'}}, 'input_params': {'Bucket': 'implantology', 'Prefix': ''}, 'signing': {'region': 'ap-south-1', 'signing_name': 's3', 'disableDoubleEncoding': True}, 'endpoint_properties': {'authSchemes': [{'disableDoubleEncoding': True, 'name': 'sigv4', 'signingName': 's3', 'signingRegion': 'ap-south-1'}]}}} - endpoint.py:114
2025-08-21 14:03:35,939 - botocore.hooks - DEBUG - Event request-created.s3.ListObjectsV2: calling handler <bound method RequestSigner.handler of <botocore.signers.RequestSigner object at 0x10bec76e0>> - hooks.py:238
2025-08-21 14:03:35,940 - botocore.hooks - DEBUG - Event choose-signer.s3.ListObjectsV2: calling handler <function set_operation_specific_signer at 0x10c1e0360> - hooks.py:238
2025-08-21 14:03:35,941 - botocore.hooks - DEBUG - Event before-sign.s3.ListObjectsV2: calling handler <function remove_arn_from_signing_path at 0x10c1e2980> - hooks.py:238
2025-08-21 14:03:35,941 - botocore.hooks - DEBUG - Event before-sign.s3.ListObjectsV2: calling handler <bound method S3ExpressIdentityResolver.resolve_s3express_identity of <botocore.utils.S3ExpressIdentityResolver object at 0x10c11c6b0>> - hooks.py:238
2025-08-21 14:03:35,943 - botocore.auth - DEBUG - Calculating signature using v4 auth. - auth.py:425
2025-08-21 14:03:35,944 - botocore.auth - DEBUG - CanonicalRequest:
GET
/
encoding-type=url&list-type=2&prefix=
host:implantology.s3.ap-south-1.amazonaws.com
x-amz-content-sha256:e3b0c44298fc1c149afbf4c8996fb92427ae41e4649b934ca495991b7852b855
x-amz-date:20250821T083335Z

host;x-amz-content-sha256;x-amz-date
e3b0c44298fc1c149afbf4c8996fb92427ae41e4649b934ca495991b7852b855 - auth.py:426
2025-08-21 14:03:35,945 - botocore.auth - DEBUG - StringToSign:
AWS4-HMAC-SHA256
20250821T083335Z
20250821/ap-south-1/s3/aws4_request
e06768b5e276aa080c5412ccbf6701c4adcfcf1ebc61da692a6b79f0a9016f5f - auth.py:428
2025-08-21 14:03:35,947 - botocore.auth - DEBUG - Signature:
df267c063389f21a1acc13a86561b0106ece266b9a6cb3772852f9a59073648b - auth.py:430
2025-08-21 14:03:35,948 - botocore.hooks - DEBUG - Event request-created.s3.ListObjectsV2: calling handler <function add_retry_headers at 0x10c1e27a0> - hooks.py:238
2025-08-21 14:03:35,950 - botocore.endpoint - DEBUG - Sending http request: <AWSPreparedRequest stream_output=False, method=GET, url=https://implantology.s3.ap-south-1.amazonaws.com/?list-type=2&prefix=&encoding-type=url, headers={'User-Agent': b'Boto3/1.34.105 md/Botocore#1.34.162 ua/2.0 os/macos#22.6.0 md/arch#x86_64 lang/python#3.12.0 md/pyimpl#CPython cfg/retry-mode#legacy Botocore/1.34.162', 'X-Amz-Date': b'20250821T083335Z', 'X-Amz-Content-SHA256': b'e3b0c44298fc1c149afbf4c8996fb92427ae41e4649b934ca495991b7852b855', 'Authorization': b'AWS4-HMAC-SHA256 Credential=AKIA47GZYL32OWENCDWK/20250821/ap-south-1/s3/aws4_request, SignedHeaders=host;x-amz-content-sha256;x-amz-date, Signature=df267c063389f21a1acc13a86561b0106ece266b9a6cb3772852f9a59073648b', 'amz-sdk-invocation-id': b'9db96bdd-3829-4c81-ab22-64ecfd2c9e89', 'amz-sdk-request': b'attempt=1'}> - endpoint.py:263
2025-08-21 14:03:35,962 - botocore.httpsession - DEBUG - Certificate path: /Volumes/macData/Projects/Project_Konaseema/api/venv/lib/python3.12/site-packages/certifi/cacert.pem - httpsession.py:97
2025-08-21 14:03:35,964 - urllib3.connectionpool - DEBUG - Starting new HTTPS connection (1): implantology.s3.ap-south-1.amazonaws.com:443 - connectionpool.py:1049
2025-08-21 14:03:36,368 - urllib3.connectionpool - DEBUG - https://implantology.s3.ap-south-1.amazonaws.com:443 "GET /?list-type=2&prefix=&encoding-type=url HTTP/1.1" 200 None - connectionpool.py:544
2025-08-21 14:03:36,370 - botocore.parsers - DEBUG - Response headers: {'x-amz-id-2': 'na5KgMKTmkP9o28ErWW+YixHXnlpPVQElMCm7JveKjN8SeiWeMXx+t1OwKSvZemA5k9GfRd9OrRTkyIq3aHXaQ==', 'x-amz-request-id': 'QB40Y7RCPYW0ZBTC', 'Date': 'Thu, 21 Aug 2025 08:33:37 GMT', 'x-amz-bucket-region': 'ap-south-1', 'Content-Type': 'application/xml', 'Transfer-Encoding': 'chunked', 'Server': 'AmazonS3'} - parsers.py:241
2025-08-21 14:03:36,370 - botocore.parsers - DEBUG - Response body:
b'<?xml version="1.0" encoding="UTF-8"?>\n<ListBucketResult xmlns="http://s3.amazonaws.com/doc/2006-03-01/"><Name>implantology</Name><Prefix></Prefix><KeyCount>1</KeyCount><MaxKeys>1000</MaxKeys><EncodingType>url</EncodingType><IsTruncated>false</IsTruncated><Contents><Key>hwjrfitNOrSDuHqekZbxmtbwcIEmviDdaOLhTbfR.png</Key><LastModified>2025-08-21T06:29:55.000Z</LastModified><ETag>&quot;89ceec8ae00f9039ae177900ef688604&quot;</ETag><ChecksumAlgorithm>CRC64NVME</ChecksumAlgorithm><ChecksumType>FULL_OBJECT</ChecksumType><Size>77959</Size><StorageClass>STANDARD</StorageClass></Contents></ListBucketResult>' - parsers.py:242
2025-08-21 14:03:36,374 - botocore.hooks - DEBUG - Event needs-retry.s3.ListObjectsV2: calling handler <botocore.retryhandler.RetryHandler object at 0x10cb67fb0> - hooks.py:238
2025-08-21 14:03:36,376 - botocore.retryhandler - DEBUG - No retry needed. - retryhandler.py:211
2025-08-21 14:03:36,377 - botocore.hooks - DEBUG - Event needs-retry.s3.ListObjectsV2: calling handler <bound method S3RegionRedirectorv2.redirect_from_error of <botocore.utils.S3RegionRedirectorv2 object at 0x10be80200>> - hooks.py:238
2025-08-21 14:03:36,377 - botocore.hooks - DEBUG - Event after-call.s3.ListObjectsV2: calling handler <function decode_list_object_v2 at 0x10c1e1c60> - hooks.py:238
